<?xml version="1.0" encoding="UTF-8"?>
<testsuites name="DemoAutTestSuite" time="41.434" tests="3" failures="0" errors="0">
   <testsuite name="DemoAutTestSuite" tests="3" failures="0" errors="0" time="41.434" skipped="0" timestamp="05-05-2024T08:18:13" hostname="umi.rahmawati - WOWSBY-L-UMI.wowlan.com" id="Test Suites/DemoAutTestSuite">
      <properties>
         <property name="deviceName" value=""/>
         <property name="devicePlatform" value=""/>
         <property name="logFolder" value="C:\\Users\\umi.rahmawati\\Katalon Studio\\ExploreKatalon\\Reports\\20240505_081808\\DemoAutTestSuite\\20240505_081809"/>
         <property name="logFiles" value="C:\\Users\\umi.rahmawati\\Katalon Studio\\ExploreKatalon\\Reports\\20240505_081808\\DemoAutTestSuite\\20240505_081809\\execution0.log"/>
         <property name="attachments" value=""/>
         <property name="hostName" value="umi.rahmawati - WOWSBY-L-UMI.wowlan.com"/>
         <property name="os" value="Windows 11 64bit"/>
         <property name="katalonVersion" value="9.4.0.212"/>
         <property name="browser" value="Chrome 124.0.0.0"/>
         <property name="hostAddress" value="192.168.1.74"/>
         <property name="sessionId" value="5a59998a1d875361cd4f1cdd859fd918"/>
         <property name="seleniumVersion" value="3.141.59"/>
         <property name="proxyInformation" value="ProxyInformation { proxyOption=NO_PROXY, proxyServerType=HTTP, username=, password=********, proxyServerAddress=, proxyServerPort=0, executionList=&quot;&quot;, isApplyToDesiredCapabilities=true }"/>
         <property name="platform" value="Windows 11"/>
      </properties>
      <testcase name="Test Cases/Data-Driven Testing/DemoAut - useVar" time="14.311" classname="Test Cases/Data-Driven Testing/DemoAut - useVar" status="PASSED">
         <system-out><![CDATA[05-05-2024T08:18:13 - [TEST_CASE][PASSED] - Test Cases/Data-Driven Testing/DemoAut - useVar: Test Cases/Data-Driven Testing/DemoAut - useVar

05-05-2024T08:18:14 - [TEST_STEP][PASSED] - openBrowser(""): Browser is opened with url: ''

05-05-2024T08:18:14 - [MESSAGE][INFO] - Starting 'Chrome' driver

05-05-2024T08:18:14 - [MESSAGE][INFO] - Action delay is set to 0 milliseconds

05-05-2024T08:18:16 - [MESSAGE][PASSED] - Browser is opened with url: ''

05-05-2024T08:18:16 - [TEST_STEP][PASSED] - maximizeWindow(): Current window maximized

05-05-2024T08:18:16 - [MESSAGE][PASSED] - Current window maximized

05-05-2024T08:18:16 - [TEST_STEP][PASSED] - navigateToUrl("https://katalon-demo-cura.herokuapp.com/"): Navigate to 'https://katalon-demo-cura.herokuapp.com/' successfully

05-05-2024T08:18:19 - [MESSAGE][PASSED] - Navigate to 'https://katalon-demo-cura.herokuapp.com/' successfully

05-05-2024T08:18:19 - [TEST_STEP][PASSED] - click(findTestObject("Page_CURA Healthcare Service/a_Make Appointment")): Object: 'Object Repository/Page_CURA Healthcare Service/a_Make Appointment' is clicked on

05-05-2024T08:18:19 - [MESSAGE][PASSED] - Object: 'Object Repository/Page_CURA Healthcare Service/a_Make Appointment' is clicked on

05-05-2024T08:18:19 - [TEST_STEP][PASSED] - setText(findTestObject("Page_CURA Healthcare Service/input_Username_username"), "John Doe"): Text 'John Doe' is set on object 'Object Repository/Page_CURA Healthcare Service/input_Username_username'

05-05-2024T08:18:20 - [MESSAGE][PASSED] - Text 'John Doe' is set on object 'Object Repository/Page_CURA Healthcare Service/input_Username_username'

05-05-2024T08:18:20 - [TEST_STEP][PASSED] - setEncryptedText(findTestObject("Page_CURA Healthcare Service/input_Password_password"), "g3/DOGG74jC3Flrr3yH+3D/yKbOqqUNM"): Text ****** has been set on object 'Object Repository/Page_CURA Healthcare Service/input_Password_password'

05-05-2024T08:18:21 - [MESSAGE][PASSED] - Text ****** has been set on object 'Object Repository/Page_CURA Healthcare Service/input_Password_password'

05-05-2024T08:18:21 - [TEST_STEP][PASSED] - click(findTestObject("Page_CURA Healthcare Service/button_Login")): Object: 'Object Repository/Page_CURA Healthcare Service/button_Login' is clicked on

05-05-2024T08:18:22 - [MESSAGE][PASSED] - Object: 'Object Repository/Page_CURA Healthcare Service/button_Login' is clicked on

05-05-2024T08:18:22 - [TEST_STEP][PASSED] - selectOptionByValue(findTestObject("Page_CURA Healthcare Service/select_Tokyo CURA Healthcare Center        _5b4107"), healthcare, true): All options with value 'Hongkong CURA Healthcare Center' are selected in object 'Object Repository/Page_CURA Healthcare Service/select_Tokyo CURA Healthcare Center        _5b4107'  using regular expression

05-05-2024T08:18:23 - [MESSAGE][PASSED] - All options with value 'Hongkong CURA Healthcare Center' are selected in object 'Object Repository/Page_CURA Healthcare Service/select_Tokyo CURA Healthcare Center        _5b4107'  using regular expression

05-05-2024T08:18:23 - [TEST_STEP][PASSED] - click(findTestObject("Page_CURA Healthcare Service/input_None_programs", ["program":program])): Object: 'Object Repository/Page_CURA Healthcare Service/input_None_programs' is clicked on

05-05-2024T08:18:24 - [MESSAGE][PASSED] - Object: 'Object Repository/Page_CURA Healthcare Service/input_None_programs' is clicked on

05-05-2024T08:18:24 - [TEST_STEP][PASSED] - setText(findTestObject("Page_CURA Healthcare Service/input_Visit Date (Required)_visit_date"), date): Text '30/05/2024' is set on object 'Object Repository/Page_CURA Healthcare Service/input_Visit Date (Required)_visit_date'

05-05-2024T08:18:24 - [MESSAGE][PASSED] - Text '30/05/2024' is set on object 'Object Repository/Page_CURA Healthcare Service/input_Visit Date (Required)_visit_date'

05-05-2024T08:18:24 - [TEST_STEP][PASSED] - setText(findTestObject("Page_CURA Healthcare Service/textarea_Comment_comment"), comment): Text 'Hongkong Comment' is set on object 'Object Repository/Page_CURA Healthcare Service/textarea_Comment_comment'

05-05-2024T08:18:25 - [MESSAGE][PASSED] - Text 'Hongkong Comment' is set on object 'Object Repository/Page_CURA Healthcare Service/textarea_Comment_comment'

05-05-2024T08:18:25 - [TEST_STEP][PASSED] - click(findTestObject("Page_CURA Healthcare Service/button_Book Appointment")): Object: 'Object Repository/Page_CURA Healthcare Service/button_Book Appointment' is clicked on

05-05-2024T08:18:26 - [MESSAGE][PASSED] - Object: 'Object Repository/Page_CURA Healthcare Service/button_Book Appointment' is clicked on

05-05-2024T08:18:26 - [TEST_STEP][PASSED] - verifyElementText(findTestObject("Object Repository/Page_CURA Healthcare Service/p_Hongkong CURA Healthcare Center"), ver_healthcare): Actual text and expected text of test object 'Object Repository/Page_CURA Healthcare Service/p_Hongkong CURA Healthcare Center' are matched.

05-05-2024T08:18:27 - [MESSAGE][PASSED] - Actual text and expected text of test object 'Object Repository/Page_CURA Healthcare Service/p_Hongkong CURA Healthcare Center' are matched.

05-05-2024T08:18:27 - [TEST_STEP][PASSED] - verifyElementText(findTestObject("Object Repository/Page_CURA Healthcare Service/p_None"), ver_program): Actual text and expected text of test object 'Object Repository/Page_CURA Healthcare Service/p_None' are matched.

05-05-2024T08:18:27 - [MESSAGE][PASSED] - Actual text and expected text of test object 'Object Repository/Page_CURA Healthcare Service/p_None' are matched.

05-05-2024T08:18:27 - [TEST_STEP][PASSED] - verifyElementText(findTestObject("Object Repository/Page_CURA Healthcare Service/p_30051990"), ver_date): Actual text and expected text of test object 'Object Repository/Page_CURA Healthcare Service/p_30051990' are matched.

05-05-2024T08:18:27 - [MESSAGE][PASSED] - Actual text and expected text of test object 'Object Repository/Page_CURA Healthcare Service/p_30051990' are matched.

05-05-2024T08:18:27 - [TEST_STEP][PASSED] - verifyElementText(findTestObject("Object Repository/Page_CURA Healthcare Service/p_Hongkong Comment"), ver_comment): Actual text and expected text of test object 'Object Repository/Page_CURA Healthcare Service/p_Hongkong Comment' are matched.

05-05-2024T08:18:28 - [MESSAGE][PASSED] - Actual text and expected text of test object 'Object Repository/Page_CURA Healthcare Service/p_Hongkong Comment' are matched.

05-05-2024T08:18:28 - [TEST_STEP][PASSED] - closeBrowser(): Browser is closed

05-05-2024T08:18:28 - [MESSAGE][PASSED] - Browser is closed]]></system-out>
         <system-err><![CDATA[]]></system-err>
      </testcase>
      <testcase name="Test Cases/Data-Driven Testing/DemoAut - useVar" time="12.655" classname="Test Cases/Data-Driven Testing/DemoAut - useVar" status="PASSED">
         <system-out><![CDATA[05-05-2024T08:18:28 - [TEST_CASE][PASSED] - Test Cases/Data-Driven Testing/DemoAut - useVar: Test Cases/Data-Driven Testing/DemoAut - useVar

05-05-2024T08:18:28 - [TEST_STEP][PASSED] - openBrowser(""): Browser is opened with url: ''

05-05-2024T08:18:28 - [MESSAGE][INFO] - Starting 'Chrome' driver

05-05-2024T08:18:28 - [MESSAGE][INFO] - Action delay is set to 0 milliseconds

05-05-2024T08:18:29 - [MESSAGE][PASSED] - Browser is opened with url: ''

05-05-2024T08:18:29 - [TEST_STEP][PASSED] - maximizeWindow(): Current window maximized

05-05-2024T08:18:29 - [MESSAGE][PASSED] - Current window maximized

05-05-2024T08:18:29 - [TEST_STEP][PASSED] - navigateToUrl("https://katalon-demo-cura.herokuapp.com/"): Navigate to 'https://katalon-demo-cura.herokuapp.com/' successfully

05-05-2024T08:18:32 - [MESSAGE][PASSED] - Navigate to 'https://katalon-demo-cura.herokuapp.com/' successfully

05-05-2024T08:18:32 - [TEST_STEP][PASSED] - click(findTestObject("Page_CURA Healthcare Service/a_Make Appointment")): Object: 'Object Repository/Page_CURA Healthcare Service/a_Make Appointment' is clicked on

05-05-2024T08:18:33 - [MESSAGE][PASSED] - Object: 'Object Repository/Page_CURA Healthcare Service/a_Make Appointment' is clicked on

05-05-2024T08:18:33 - [TEST_STEP][PASSED] - setText(findTestObject("Page_CURA Healthcare Service/input_Username_username"), "John Doe"): Text 'John Doe' is set on object 'Object Repository/Page_CURA Healthcare Service/input_Username_username'

05-05-2024T08:18:33 - [MESSAGE][PASSED] - Text 'John Doe' is set on object 'Object Repository/Page_CURA Healthcare Service/input_Username_username'

05-05-2024T08:18:33 - [TEST_STEP][PASSED] - setEncryptedText(findTestObject("Page_CURA Healthcare Service/input_Password_password"), "g3/DOGG74jC3Flrr3yH+3D/yKbOqqUNM"): Text ****** has been set on object 'Object Repository/Page_CURA Healthcare Service/input_Password_password'

05-05-2024T08:18:34 - [MESSAGE][PASSED] - Text ****** has been set on object 'Object Repository/Page_CURA Healthcare Service/input_Password_password'

05-05-2024T08:18:34 - [TEST_STEP][PASSED] - click(findTestObject("Page_CURA Healthcare Service/button_Login")): Object: 'Object Repository/Page_CURA Healthcare Service/button_Login' is clicked on

05-05-2024T08:18:35 - [MESSAGE][PASSED] - Object: 'Object Repository/Page_CURA Healthcare Service/button_Login' is clicked on

05-05-2024T08:18:35 - [TEST_STEP][PASSED] - selectOptionByValue(findTestObject("Page_CURA Healthcare Service/select_Tokyo CURA Healthcare Center        _5b4107"), healthcare, true): All options with value 'Seoul CURA Healthcare Center' are selected in object 'Object Repository/Page_CURA Healthcare Service/select_Tokyo CURA Healthcare Center        _5b4107'  using regular expression

05-05-2024T08:18:36 - [MESSAGE][PASSED] - All options with value 'Seoul CURA Healthcare Center' are selected in object 'Object Repository/Page_CURA Healthcare Service/select_Tokyo CURA Healthcare Center        _5b4107'  using regular expression

05-05-2024T08:18:36 - [TEST_STEP][PASSED] - click(findTestObject("Page_CURA Healthcare Service/input_None_programs", ["program":program])): Object: 'Object Repository/Page_CURA Healthcare Service/input_None_programs' is clicked on

05-05-2024T08:18:36 - [MESSAGE][PASSED] - Object: 'Object Repository/Page_CURA Healthcare Service/input_None_programs' is clicked on

05-05-2024T08:18:36 - [TEST_STEP][PASSED] - setText(findTestObject("Page_CURA Healthcare Service/input_Visit Date (Required)_visit_date"), date): Text '29/05/2024' is set on object 'Object Repository/Page_CURA Healthcare Service/input_Visit Date (Required)_visit_date'

05-05-2024T08:18:37 - [MESSAGE][PASSED] - Text '29/05/2024' is set on object 'Object Repository/Page_CURA Healthcare Service/input_Visit Date (Required)_visit_date'

05-05-2024T08:18:37 - [TEST_STEP][PASSED] - setText(findTestObject("Page_CURA Healthcare Service/textarea_Comment_comment"), comment): Text 'Seoul Comment' is set on object 'Object Repository/Page_CURA Healthcare Service/textarea_Comment_comment'

05-05-2024T08:18:38 - [MESSAGE][PASSED] - Text 'Seoul Comment' is set on object 'Object Repository/Page_CURA Healthcare Service/textarea_Comment_comment'

05-05-2024T08:18:38 - [TEST_STEP][PASSED] - click(findTestObject("Page_CURA Healthcare Service/button_Book Appointment")): Object: 'Object Repository/Page_CURA Healthcare Service/button_Book Appointment' is clicked on

05-05-2024T08:18:39 - [MESSAGE][PASSED] - Object: 'Object Repository/Page_CURA Healthcare Service/button_Book Appointment' is clicked on

05-05-2024T08:18:39 - [TEST_STEP][PASSED] - verifyElementText(findTestObject("Object Repository/Page_CURA Healthcare Service/p_Hongkong CURA Healthcare Center"), ver_healthcare): Actual text and expected text of test object 'Object Repository/Page_CURA Healthcare Service/p_Hongkong CURA Healthcare Center' are matched.

05-05-2024T08:18:39 - [MESSAGE][PASSED] - Actual text and expected text of test object 'Object Repository/Page_CURA Healthcare Service/p_Hongkong CURA Healthcare Center' are matched.

05-05-2024T08:18:39 - [TEST_STEP][PASSED] - verifyElementText(findTestObject("Object Repository/Page_CURA Healthcare Service/p_None"), ver_program): Actual text and expected text of test object 'Object Repository/Page_CURA Healthcare Service/p_None' are matched.

05-05-2024T08:18:40 - [MESSAGE][PASSED] - Actual text and expected text of test object 'Object Repository/Page_CURA Healthcare Service/p_None' are matched.

05-05-2024T08:18:40 - [TEST_STEP][PASSED] - verifyElementText(findTestObject("Object Repository/Page_CURA Healthcare Service/p_30051990"), ver_date): Actual text and expected text of test object 'Object Repository/Page_CURA Healthcare Service/p_30051990' are matched.

05-05-2024T08:18:40 - [MESSAGE][PASSED] - Actual text and expected text of test object 'Object Repository/Page_CURA Healthcare Service/p_30051990' are matched.

05-05-2024T08:18:40 - [TEST_STEP][PASSED] - verifyElementText(findTestObject("Object Repository/Page_CURA Healthcare Service/p_Hongkong Comment"), ver_comment): Actual text and expected text of test object 'Object Repository/Page_CURA Healthcare Service/p_Hongkong Comment' are matched.

05-05-2024T08:18:40 - [MESSAGE][PASSED] - Actual text and expected text of test object 'Object Repository/Page_CURA Healthcare Service/p_Hongkong Comment' are matched.

05-05-2024T08:18:40 - [TEST_STEP][PASSED] - closeBrowser(): Browser is closed

05-05-2024T08:18:41 - [MESSAGE][PASSED] - Browser is closed]]></system-out>
         <system-err><![CDATA[]]></system-err>
      </testcase>
      <testcase name="Test Cases/Data-Driven Testing/DemoAut - useVar" time="13.884" classname="Test Cases/Data-Driven Testing/DemoAut - useVar" status="PASSED">
         <system-out><![CDATA[05-05-2024T08:18:41 - [TEST_CASE][PASSED] - Test Cases/Data-Driven Testing/DemoAut - useVar: Test Cases/Data-Driven Testing/DemoAut - useVar

05-05-2024T08:18:41 - [TEST_STEP][PASSED] - openBrowser(""): Browser is opened with url: ''

05-05-2024T08:18:41 - [MESSAGE][INFO] - Starting 'Chrome' driver

05-05-2024T08:18:41 - [MESSAGE][INFO] - Action delay is set to 0 milliseconds

05-05-2024T08:18:41 - [MESSAGE][PASSED] - Browser is opened with url: ''

05-05-2024T08:18:41 - [TEST_STEP][PASSED] - maximizeWindow(): Current window maximized

05-05-2024T08:18:42 - [MESSAGE][PASSED] - Current window maximized

05-05-2024T08:18:42 - [TEST_STEP][PASSED] - navigateToUrl("https://katalon-demo-cura.herokuapp.com/"): Navigate to 'https://katalon-demo-cura.herokuapp.com/' successfully

05-05-2024T08:18:45 - [MESSAGE][PASSED] - Navigate to 'https://katalon-demo-cura.herokuapp.com/' successfully

05-05-2024T08:18:45 - [TEST_STEP][PASSED] - click(findTestObject("Page_CURA Healthcare Service/a_Make Appointment")): Object: 'Object Repository/Page_CURA Healthcare Service/a_Make Appointment' is clicked on

05-05-2024T08:18:46 - [MESSAGE][PASSED] - Object: 'Object Repository/Page_CURA Healthcare Service/a_Make Appointment' is clicked on

05-05-2024T08:18:46 - [TEST_STEP][PASSED] - setText(findTestObject("Page_CURA Healthcare Service/input_Username_username"), "John Doe"): Text 'John Doe' is set on object 'Object Repository/Page_CURA Healthcare Service/input_Username_username'

05-05-2024T08:18:47 - [MESSAGE][PASSED] - Text 'John Doe' is set on object 'Object Repository/Page_CURA Healthcare Service/input_Username_username'

05-05-2024T08:18:47 - [TEST_STEP][PASSED] - setEncryptedText(findTestObject("Page_CURA Healthcare Service/input_Password_password"), "g3/DOGG74jC3Flrr3yH+3D/yKbOqqUNM"): Text ****** has been set on object 'Object Repository/Page_CURA Healthcare Service/input_Password_password'

05-05-2024T08:18:47 - [MESSAGE][PASSED] - Text ****** has been set on object 'Object Repository/Page_CURA Healthcare Service/input_Password_password'

05-05-2024T08:18:47 - [TEST_STEP][PASSED] - click(findTestObject("Page_CURA Healthcare Service/button_Login")): Object: 'Object Repository/Page_CURA Healthcare Service/button_Login' is clicked on

05-05-2024T08:18:48 - [MESSAGE][PASSED] - Object: 'Object Repository/Page_CURA Healthcare Service/button_Login' is clicked on

05-05-2024T08:18:48 - [TEST_STEP][PASSED] - selectOptionByValue(findTestObject("Page_CURA Healthcare Service/select_Tokyo CURA Healthcare Center        _5b4107"), healthcare, true): All options with value 'Tokyo CURA Healthcare Center' are selected in object 'Object Repository/Page_CURA Healthcare Service/select_Tokyo CURA Healthcare Center        _5b4107'  using regular expression

05-05-2024T08:18:49 - [MESSAGE][PASSED] - All options with value 'Tokyo CURA Healthcare Center' are selected in object 'Object Repository/Page_CURA Healthcare Service/select_Tokyo CURA Healthcare Center        _5b4107'  using regular expression

05-05-2024T08:18:49 - [TEST_STEP][PASSED] - click(findTestObject("Page_CURA Healthcare Service/input_None_programs", ["program":program])): Object: 'Object Repository/Page_CURA Healthcare Service/input_None_programs' is clicked on

05-05-2024T08:18:50 - [MESSAGE][PASSED] - Object: 'Object Repository/Page_CURA Healthcare Service/input_None_programs' is clicked on

05-05-2024T08:18:50 - [TEST_STEP][PASSED] - setText(findTestObject("Page_CURA Healthcare Service/input_Visit Date (Required)_visit_date"), date): Text '28/05/2024' is set on object 'Object Repository/Page_CURA Healthcare Service/input_Visit Date (Required)_visit_date'

05-05-2024T08:18:50 - [MESSAGE][PASSED] - Text '28/05/2024' is set on object 'Object Repository/Page_CURA Healthcare Service/input_Visit Date (Required)_visit_date'

05-05-2024T08:18:50 - [TEST_STEP][PASSED] - setText(findTestObject("Page_CURA Healthcare Service/textarea_Comment_comment"), comment): Text 'Tokyo Comment' is set on object 'Object Repository/Page_CURA Healthcare Service/textarea_Comment_comment'

05-05-2024T08:18:51 - [MESSAGE][PASSED] - Text 'Tokyo Comment' is set on object 'Object Repository/Page_CURA Healthcare Service/textarea_Comment_comment'

05-05-2024T08:18:51 - [TEST_STEP][PASSED] - click(findTestObject("Page_CURA Healthcare Service/button_Book Appointment")): Object: 'Object Repository/Page_CURA Healthcare Service/button_Book Appointment' is clicked on

05-05-2024T08:18:52 - [MESSAGE][PASSED] - Object: 'Object Repository/Page_CURA Healthcare Service/button_Book Appointment' is clicked on

05-05-2024T08:18:52 - [TEST_STEP][PASSED] - verifyElementText(findTestObject("Object Repository/Page_CURA Healthcare Service/p_Hongkong CURA Healthcare Center"), ver_healthcare): Actual text and expected text of test object 'Object Repository/Page_CURA Healthcare Service/p_Hongkong CURA Healthcare Center' are matched.

05-05-2024T08:18:52 - [MESSAGE][PASSED] - Actual text and expected text of test object 'Object Repository/Page_CURA Healthcare Service/p_Hongkong CURA Healthcare Center' are matched.

05-05-2024T08:18:52 - [TEST_STEP][PASSED] - verifyElementText(findTestObject("Object Repository/Page_CURA Healthcare Service/p_None"), ver_program): Actual text and expected text of test object 'Object Repository/Page_CURA Healthcare Service/p_None' are matched.

05-05-2024T08:18:53 - [MESSAGE][PASSED] - Actual text and expected text of test object 'Object Repository/Page_CURA Healthcare Service/p_None' are matched.

05-05-2024T08:18:53 - [TEST_STEP][PASSED] - verifyElementText(findTestObject("Object Repository/Page_CURA Healthcare Service/p_30051990"), ver_date): Actual text and expected text of test object 'Object Repository/Page_CURA Healthcare Service/p_30051990' are matched.

05-05-2024T08:18:53 - [MESSAGE][PASSED] - Actual text and expected text of test object 'Object Repository/Page_CURA Healthcare Service/p_30051990' are matched.

05-05-2024T08:18:53 - [TEST_STEP][PASSED] - verifyElementText(findTestObject("Object Repository/Page_CURA Healthcare Service/p_Hongkong Comment"), ver_comment): Actual text and expected text of test object 'Object Repository/Page_CURA Healthcare Service/p_Hongkong Comment' are matched.

05-05-2024T08:18:53 - [MESSAGE][PASSED] - Actual text and expected text of test object 'Object Repository/Page_CURA Healthcare Service/p_Hongkong Comment' are matched.

05-05-2024T08:18:53 - [TEST_STEP][PASSED] - closeBrowser(): Browser is closed

05-05-2024T08:18:55 - [MESSAGE][PASSED] - Browser is closed]]></system-out>
         <system-err><![CDATA[]]></system-err>
      </testcase>
      <system-out><![CDATA[05-05-2024T08:18:13 - [TEST_SUITE][PASSED] - DemoAutTestSuite: Test Cases/Data-Driven Testing/DemoAut - useVar]]></system-out>
      <system-err><![CDATA[]]></system-err>
   </testsuite>
</testsuites>
